>>> runfile('C:/Users/Aamir/.spyder2/defaults/untitled6.py', wdir=r'C:/Users/Aamir/.spyder2/defaults')
scaling
Traceback (most recent call last):
  File "<stdin>", line 1, in <module>
  File "C:\Users\Aamir\Anaconda\lib\site-packages\spyderlib\widgets\externalshell\sitecustomize.py", line 580, in runfile
    execfile(filename, namespace)
  File "C:/Users/Aamir/.spyder2/defaults/untitled6.py", line 34, in <module>
    main()
  File "C:/Users/Aamir/.spyder2/defaults/untitled6.py", line 25, in main
    parameters = {'C':10. ** np.arange(5,10), 'gamma':2. ** np.arange(-5, -1)}
NameError: global name 'np' is not defined
>>> runfile('C:/Users/Aamir/.spyder2/defaults/untitled6.py', wdir=r'C:/Users/Aamir/.spyder2/defaults')
scaling
grid search
Fitting 5 folds for each of 20 candidates, totalling 100 fits
[Parallel(n_jobs=-1)]: Done   1 jobs       | elapsed:    8.6s
[Parallel(n_jobs=-1)]: Done  32 jobs       | elapsed: 12.7min
[Parallel(n_jobs=-1)]: Done  94 out of 100 | elapsed: 50.3min remaining:  3.2min
[CV] C=100000.0, gamma=0.03125 .......................................
[CV] .............. C=100000.0, gamma=0.03125, score=0.999500 -   7.4s
[CV] C=100000.0, gamma=0.0625 ........................................
[CV] ............... C=100000.0, gamma=0.0625, score=0.997001 -  27.5s
[CV] C=100000.0, gamma=0.0625 ........................................
[CV] ............... C=100000.0, gamma=0.0625, score=0.996498 -  29.0s
[CV] C=100000.0, gamma=0.125 .........................................
[CV] ................ C=100000.0, gamma=0.125, score=0.988494 - 1.5min
[CV] C=100000.0, gamma=0.25 ..........................................
[CV] ................. C=100000.0, gamma=0.25, score=0.961000 - 2.0min
[CV] C=1000000.0, gamma=0.03125 ......................................
[CV] ............. C=1000000.0, gamma=0.03125, score=0.997999 -  29.1s
[CV] C=1000000.0, gamma=0.0625 .......................................
[CV] .............. C=1000000.0, gamma=0.0625, score=0.997001 - 1.9min
[CV] C=1000000.0, gamma=0.0625 .......................................
[CV] .............. C=1000000.0, gamma=0.0625, score=0.998500 - 1.5min
[CV] C=1000000.0, gamma=0.0625 .......................................
[CV] .............. C=1000000.0, gamma=0.0625, score=0.996498 - 1.4min
[CV] C=1000000.0, gamma=0.125 ........................................
[CV] ............... C=1000000.0, gamma=0.125, score=0.988494 - 3.8min
[CV] C=1000000.0, gamma=0.25 .........................................
[CV] ................ C=1000000.0, gamma=0.25, score=0.961000 - 4.8min
[CV] C=10000000.0, gamma=0.03125 .....................................
[CV] ............ C=10000000.0, gamma=0.03125, score=0.999500 -  15.9s
[CV] C=10000000.0, gamma=0.03125 .....................................
[CV] ............ C=10000000.0, gamma=0.03125, score=0.997999 -  16.3s
[CV] C=10000000.0, gamma=0.0625 ......................................
[CV] ............. C=10000000.0, gamma=0.0625, score=0.997001 - 1.1min
[CV] C=10000000.0, gamma=0.0625 ......................................
[CV] ............. C=10000000.0, gamma=0.0625, score=0.998500 - 1.1min
[CV] C=10000000.0, gamma=0.125 .......................................
[CV] .............. C=10000000.0, gamma=0.125, score=0.989505 - 3.4min
[CV] C=10000000.0, gamma=0.125 .......................................
[CV] .............. C=10000000.0, gamma=0.125, score=0.983992 - 3.4min
[CV] C=10000000.0, gamma=0.25 ........................................
[CV] ............... C=10000000.0, gamma=0.25, score=0.969485 - 4.6min
[CV] C=100000000.0, gamma=0.0625 .....................................
[CV] ............ C=100000000.0, gamma=0.0625, score=0.996498 - 1.3min
[CV] C=100000000.0, gamma=0.125 ......................................
[CV] ............. C=100000000.0, gamma=0.125, score=0.989000 - 4.0min
[CV] C=100000000.0, gamma=0.25 .......................................
[CV] .............. C=100000000.0, gamma=0.25, score=0.949525 - 4.3min
[CV] C=1000000000.0, gamma=0.03125 ...................................
[CV] .......... C=1000000000.0, gamma=0.03125, score=0.999000 -  15.4s
[CV] C=1000000000.0, gamma=0.03125 ...................................
[CV] .......... C=1000000000.0, gamma=0.03125, score=0.999500 -  16.3s
[CV] C=1000000000.0, gamma=0.03125 ...................................
[CV] .......... C=1000000000.0, gamma=0.03125, score=0.998999 -  16.3s
[CV] C=1000000000.0, gamma=0.0625 ....................................
[CV] ........... C=1000000000.0, gamma=0.0625, score=0.998501 - 1.1min
[CV] C=1000000000.0, gamma=0.0625 ....................................
[CV] ........... C=1000000000.0, gamma=0.0625, score=0.995998 - 1.1min
[CV] C=1000000000.0, gamma=0.125 .....................................
[CV] ............ C=1000000000.0, gamma=0.125, score=0.987506 - 4.1min
[CV] C=1000000000.0, gamma=0.25 ......................................
[CV] ............. C=1000000000.0, gamma=0.25, score=0.964518 - 5.1min
[CV] C=1000000000.0, gamma=0.25 ......................................
[CV] ............. C=1000000000.0, gamma=0.25, sc[Parallel(n_jobs=-1)]: Done 100 out of 100 | elapsed: 58.9min finished
predicting
score:  0.2115
SVC(C=100000.0, cache_size=1000, class_weight=None, coef0=0.0, degree=3,
  gamma=0.03125, kernel='rbf', max_iter=-1, probability=False,
  random_state=None, shrinking=True, tol=0.001, verbose=False)
>>> runfile('C:/Users/Aamir/.spyder2/defaults/untitled7.py', wdir=r'C:/Users/Aamir/.spyder2/defaults')
