Python 2.7.8 |Anaconda 2.1.0 (64-bit)| (default, Jul  2 2014, 15:12:11) [MSC v.1500 64 bit (AMD64)] on win32
Type "help", "copyright", "credits" or "license" for more information.
Anaconda is brought to you by Continuum Analytics.
Please check out: http://continuum.io/thanks and https://binstar.org
>>> runfile('C:/Users/Aamir/.spyder2/defaults/untitled3.py', wdir=r'C:/Users/Aamir/.spyder2/defaults')
C:\Users\Aamir\Anaconda\lib\site-packages\sklearn\pls.py:7: DeprecationWarning: This module has been moved to cross_decomposition and will be removed in 0.16
  "removed in 0.16", DeprecationWarning)
Traceback (most recent call last):
  File "<stdin>", line 1, in <module>
  File "C:\Users\Aamir\Anaconda\lib\site-packages\spyderlib\widgets\externalshell\sitecustomize.py", line 580, in runfile
    execfile(filename, namespace)
  File "C:/Users/Aamir/.spyder2/defaults/untitled3.py", line 31, in <module>
    datareader=csv.reader(f1)
NameError: name 'csv' is not defined
>>> runfile('C:/Users/Aamir/.spyder2/defaults/untitled3.py', wdir=r'C:/Users/Aamir/.spyder2/defaults')
Applying a learning algorithm...

Classification report for classifier SVC(C=100000.0, cache_size=1000, class_weight=None, coef0=0.0, degree=3,
  gamma=0.03125, kernel='rbf', max_iter=-1, probability=False,
  random_state=None, shrinking=True, tol=0.001, verbose=False):
             precision    recall  f1-score   support

        0.0       0.98      0.99      0.99       813
        1.0       0.99      0.99      0.99       961
        2.0       0.98      0.99      0.98       860
        3.0       0.98      0.96      0.97       863
        4.0       0.98      0.98      0.98       827
        5.0       0.98      0.98      0.98       756
        6.0       0.98      0.99      0.99       841
        7.0       0.98      0.98      0.98       899
        8.0       0.97      0.99      0.98       768
        9.0       0.98      0.97      0.97       812

avg / total       0.98      0.98      0.98      8400


Confusion matrix:
[[803   0   2   0   1   1   3   0   3   0]
 [  0 953   3   2   0   0   0   1   2   0]
 [  2   0 850   1   0   0   0   4   3   0]
 [  1   1   5 831   1   8   0   4   9   3]
 [  1   3   1   0 809   1   3   2   0   7]
 [  2   0   0   4   0 743   5   0   2   0]
 [  1   0   0   0   2   2 835   0   1   0]
 [  0   3   7   0   3   2   0 880   0   4]
 [  1   2   0   2   1   3   2   0 757   0]
 [  5   1   1   4   6   1   0   6   3 785]]
('Accuracy', 0.98166666666666669)
>>> 