>>> runfile('C:/Users/Aamir/.spyder2/defaults/knn_mnist1.py', wdir=r'C:/Users/Aamir/.spyder2/defaults')
FOR K=  3
             precision    recall  f1-score   support

          0       0.98      0.99      0.98       813
          1       0.98      1.00      0.99       961
          2       0.98      0.98      0.98       860
          3       0.97      0.97      0.97       863
          4       0.98      0.95      0.97       827
          5       0.98      0.97      0.97       756
          6       0.98      1.00      0.99       841
          7       0.97      0.97      0.97       899
          8       0.99      0.94      0.96       768
          9       0.94      0.95      0.94       812

avg / total       0.97      0.97      0.97      8400

Confusion matrix:
[[806   0   1   0   1   1   3   0   1   0]
 [  0 957   2   0   0   0   0   1   1   0]
 [  7   3 839   1   0   0   1   7   2   0]
 [  2   0   6 835   0   5   0   5   6   4]
 [  1   6   0   0 789   0   3   1   0  27]
 [  2   0   1   7   1 736   7   0   1   1]
 [  0   1   0   0   1   2 837   0   0   0]
 [  0   6   7   0   2   0   0 876   0   8]
 [  3   6   1  11   4   6   5   0 725   7]
 [  5   1   1   4  10   4   2  16   0 769]]


Accuracy:97.250000
Runtime:
226.94  seconds
FOR K=  5
             precision    recall  f1-score   support

          0       0.98      0.99      0.98       813
          1       0.98      0.99      0.99       961
          2       0.98      0.97      0.98       860
          3       0.97      0.97      0.97       863
          4       0.98      0.96      0.97       827
          5       0.96      0.97      0.96       756
          6       0.97      1.00      0.98       841
          7       0.96      0.97      0.97       899
          8       0.99      0.94      0.96       768
          9       0.95      0.95      0.95       812

avg / total       0.97      0.97      0.97      8400

Confusion matrix:
[[806   0   2   0   0   2   3   0   0   0]
 [  0 956   2   1   0   0   0   1   1   0]
 [  8   4 834   3   0   0   1   9   1   0]
 [  1   1   4 837   0   6   0   6   4   4]
 [  1   5   0   0 797   0   3   2   0  19]
 [  3   0   1   8   1 731  10   0   0   2]
 [  0   1   0   0   0   3 837   0   0   0]
 [  0   8   5   1   2   0   0 875   0   8]
 [  2   4   0   9   3  15   8   1 719   7]
 [  5   1   2   3  10   4   2  16   0 769]]


Accuracy:97.154762
Runtime:
244.25  seconds
FOR K=  10
             precision    recall  f1-score   support

          0       0.97      0.99      0.98       813
          1       0.96      0.99      0.98       961
          2       0.98      0.97      0.98       860
          3       0.96      0.97      0.97       863
          4       0.98      0.96      0.97       827
          5       0.96      0.97      0.97       756
          6       0.96      0.99      0.98       841
          7       0.96      0.97      0.96       899
          8       0.99      0.91      0.95       768
          9       0.95      0.94      0.94       812

avg / total       0.97      0.97      0.97      8400

Confusion matrix:
[[805   0   2   0   0   2   4   0   0   0]
 [  0 953   4   0   1   0   1   1   1   0]
 [ 11   5 831   2   0   0   2   7   2   0]
 [  1   2   2 838   0   4   0   7   5   4]
 [  1   7   0   0 795   0   4   2   0  18]
 [  0   2   0   9   0 731  10   0   0   4]
 [  1   1   0   0   1   4 834   0   0   0]
 [  0  10   3   0   2   0   0 874   0  10]
 [  4   6   0  18   4  16   9   2 701   8]
 [  5   2   2   6  10   1   2  21   0 763]]


Accuracy:96.726190
Runtime:
249.23  seconds
FOR K=  20
             precision    recall  f1-score   support

          0       0.97      0.99      0.98       813
          1       0.95      0.99      0.97       961
          2       0.98      0.95      0.97       860
          3       0.96      0.96      0.96       863
          4       0.98      0.95      0.96       827
          5       0.96      0.96      0.96       756
          6       0.96      0.99      0.98       841
          7       0.95      0.97      0.96       899
          8       0.98      0.90      0.94       768
          9       0.93      0.94      0.93       812

avg / total       0.96      0.96      0.96      8400

Confusion matrix:
[[805   0   2   0   0   2   4   0   0   0]
 [  0 955   3   0   0   0   2   0   1   0]
 [ 13  11 820   2   1   0   1   8   4   0]
 [  1   3   5 830   0   5   0   8   6   5]
 [  1   8   0   0 782   0   6   2   0  28]
 [  0   2   0  10   0 729  10   0   0   5]
 [  1   1   0   0   0   3 836   0   0   0]
 [  0  14   3   0   1   0   0 870   0  11]
 [  5  10   0  18   5  21   7   3 689  10]
 [  5   3   2   6  10   3   1  22   0 760]]


Accuracy:96.142857
Runtime:
245.64  seconds
>>> 