>>> runfile('C:/Users/Aamir/.spyder2/defaults/neural_network1.py', wdir=r'C:/Users/Aamir/.spyder2/defaults')
stochastic gradient descent accuracy:  0.903214285714
             precision    recall  f1-score   support

          0       0.97      0.94      0.95       813
          1       0.96      0.97      0.97       961
          2       0.88      0.92      0.90       860
          3       0.93      0.83      0.88       863
          4       0.92      0.92      0.92       827
          5       0.79      0.92      0.85       756
          6       0.93      0.95      0.94       841
          7       0.88      0.95      0.91       899
          8       0.85      0.83      0.84       768
          9       0.95      0.78      0.86       812

avg / total       0.91      0.90      0.90      8400

Confusion matrix:
[[762   1  10   2   2  12  17   2   5   0]
 [  0 936   9   3   0   4   2   1   6   0]
 [  3   5 787   7   8   8   7  15  20   0]
 [  3   3  33 716   0  58   5  16  22   7]
 [  1   8  10   1 761   3   9   5  12  17]
 [  4   2   7  11   3 694   8   5  21   1]
 [  1   0  10   1   4  18 802   0   5   0]
 [  1   4  13   2   9   4   3 853   3   7]
 [  5  13   9  18   4  57  11   6 640   5]
 [  9   3   5   9  40  21   1  70  18 636]]
>>> 